mode: set
github.com/everettraven/kubectl-catalogd/internal/fetch/fetcher.go:18.51,22.2 1 1
github.com/everettraven/kubectl-catalogd/internal/fetch/fetcher.go:28.113,31.16 3 1
github.com/everettraven/kubectl-catalogd/internal/fetch/fetcher.go:31.16,33.3 1 0
github.com/everettraven/kubectl-catalogd/internal/fetch/fetcher.go:35.2,36.16 2 1
github.com/everettraven/kubectl-catalogd/internal/fetch/fetcher.go:36.16,38.3 1 0
github.com/everettraven/kubectl-catalogd/internal/fetch/fetcher.go:40.2,41.44 2 1
github.com/everettraven/kubectl-catalogd/internal/fetch/fetcher.go:41.44,43.34 2 1
github.com/everettraven/kubectl-catalogd/internal/fetch/fetcher.go:43.34,44.25 1 1
github.com/everettraven/kubectl-catalogd/internal/fetch/fetcher.go:44.25,46.5 1 1
github.com/everettraven/kubectl-catalogd/internal/fetch/fetcher.go:49.3,49.18 1 1
github.com/everettraven/kubectl-catalogd/internal/fetch/fetcher.go:49.18,50.12 1 1
github.com/everettraven/kubectl-catalogd/internal/fetch/fetcher.go:53.3,53.39 1 1
github.com/everettraven/kubectl-catalogd/internal/fetch/fetcher.go:56.2,56.22 1 1
github.com/everettraven/kubectl-catalogd/internal/fetch/fetcher.go:59.52,60.46 1 1
github.com/everettraven/kubectl-catalogd/internal/fetch/fetcher.go:60.46,61.17 1 1
github.com/everettraven/kubectl-catalogd/internal/fetch/fetcher.go:61.17,63.4 1 0
github.com/everettraven/kubectl-catalogd/internal/fetch/fetcher.go:64.3,64.30 1 1
github.com/everettraven/kubectl-catalogd/internal/fetch/fetcher.go:68.45,69.46 1 1
github.com/everettraven/kubectl-catalogd/internal/fetch/fetcher.go:69.46,71.3 1 1
github.com/everettraven/kubectl-catalogd/internal/stream/streamer.go:23.64,27.2 1 1
github.com/everettraven/kubectl-catalogd/internal/stream/streamer.go:29.112,30.83 1 1
github.com/everettraven/kubectl-catalogd/internal/stream/streamer.go:30.83,32.3 1 1
github.com/everettraven/kubectl-catalogd/internal/stream/streamer.go:34.2,35.16 2 1
github.com/everettraven/kubectl-catalogd/internal/stream/streamer.go:35.16,37.3 1 0
github.com/everettraven/kubectl-catalogd/internal/stream/streamer.go:42.2,47.16 4 1
github.com/everettraven/kubectl-catalogd/internal/stream/streamer.go:47.16,49.3 1 1
github.com/everettraven/kubectl-catalogd/internal/stream/streamer.go:51.2,60.16 3 1
github.com/everettraven/kubectl-catalogd/internal/stream/streamer.go:60.16,62.3 1 0
github.com/everettraven/kubectl-catalogd/internal/stream/streamer.go:63.2,63.16 1 1
